2020-05-22 11:25:59,807 INFO 19932 [egg-schedule]: register schedule D:\blog\service\node_modules\egg-multipart\app\schedule\clean_tmpdir.js
2020-05-22 11:25:59,807 INFO 19932 [egg-schedule]: register schedule D:\blog\service\node_modules\egg-logrotator\app\schedule\clean_log.js
2020-05-22 11:25:59,807 INFO 19932 [egg-schedule]: register schedule D:\blog\service\node_modules\egg-logrotator\app\schedule\rotate_by_file.js
2020-05-22 11:26:02,469 INFO 23064 [Timer] D:\blog\service\node_modules\egg-multipart\app\schedule\clean_tmpdir.js next time will execute after 61437550ms at 2020-05-23 04:30:00.019
2020-05-22 11:26:02,470 INFO 23064 [Timer] D:\blog\service\node_modules\egg-logrotator\app\schedule\clean_log.js next time will execute after 45237531ms at 2020-05-23 00:00:00.001
2020-05-22 11:26:02,472 INFO 23064 [Timer] D:\blog\service\node_modules\egg-logrotator\app\schedule\rotate_by_file.js next time will execute after 45238530ms at 2020-05-23 00:00:01.002
2020-05-22 11:29:49,927 INFO 15476 [egg-schedule]: register schedule D:\blog\service\node_modules\egg-multipart\app\schedule\clean_tmpdir.js
2020-05-22 11:29:49,927 INFO 15476 [egg-schedule]: register schedule D:\blog\service\node_modules\egg-logrotator\app\schedule\clean_log.js
2020-05-22 11:29:49,927 INFO 15476 [egg-schedule]: register schedule D:\blog\service\node_modules\egg-logrotator\app\schedule\rotate_by_file.js
2020-05-22 11:30:18,344 INFO 23580 [egg-schedule]: register schedule D:\blog\service\node_modules\egg-multipart\app\schedule\clean_tmpdir.js
2020-05-22 11:30:18,344 INFO 23580 [egg-schedule]: register schedule D:\blog\service\node_modules\egg-logrotator\app\schedule\clean_log.js
2020-05-22 11:30:18,344 INFO 23580 [egg-schedule]: register schedule D:\blog\service\node_modules\egg-logrotator\app\schedule\rotate_by_file.js
2020-05-22 11:35:48,021 INFO 8420 [egg-schedule]: register schedule D:\blog\service\node_modules\egg-multipart\app\schedule\clean_tmpdir.js
2020-05-22 11:35:48,022 INFO 8420 [egg-schedule]: register schedule D:\blog\service\node_modules\egg-logrotator\app\schedule\clean_log.js
2020-05-22 11:35:48,022 INFO 8420 [egg-schedule]: register schedule D:\blog\service\node_modules\egg-logrotator\app\schedule\rotate_by_file.js
2020-05-22 11:36:56,100 INFO 20092 [egg-schedule]: register schedule D:\blog\service\node_modules\egg-multipart\app\schedule\clean_tmpdir.js
2020-05-22 11:36:56,100 INFO 20092 [egg-schedule]: register schedule D:\blog\service\node_modules\egg-logrotator\app\schedule\clean_log.js
2020-05-22 11:36:56,100 INFO 20092 [egg-schedule]: register schedule D:\blog\service\node_modules\egg-logrotator\app\schedule\rotate_by_file.js
2020-05-22 11:38:10,051 INFO 17548 [egg-schedule]: register schedule D:\blog\service\node_modules\egg-multipart\app\schedule\clean_tmpdir.js
2020-05-22 11:38:10,051 INFO 17548 [egg-schedule]: register schedule D:\blog\service\node_modules\egg-logrotator\app\schedule\clean_log.js
2020-05-22 11:38:10,051 INFO 17548 [egg-schedule]: register schedule D:\blog\service\node_modules\egg-logrotator\app\schedule\rotate_by_file.js
2020-05-22 11:42:24,719 INFO 24564 [egg-schedule]: register schedule D:\blog\service\node_modules\egg-multipart\app\schedule\clean_tmpdir.js
2020-05-22 11:42:24,719 INFO 24564 [egg-schedule]: register schedule D:\blog\service\node_modules\egg-logrotator\app\schedule\clean_log.js
2020-05-22 11:42:24,719 INFO 24564 [egg-schedule]: register schedule D:\blog\service\node_modules\egg-logrotator\app\schedule\rotate_by_file.js
2020-05-22 11:42:49,576 INFO 22300 [egg-schedule]: register schedule D:\blog\service\node_modules\egg-multipart\app\schedule\clean_tmpdir.js
2020-05-22 11:42:49,576 INFO 22300 [egg-schedule]: register schedule D:\blog\service\node_modules\egg-logrotator\app\schedule\clean_log.js
2020-05-22 11:42:49,576 INFO 22300 [egg-schedule]: register schedule D:\blog\service\node_modules\egg-logrotator\app\schedule\rotate_by_file.js
2020-05-22 12:14:41,416 INFO 3488 [egg-schedule]: register schedule D:\blog\service\node_modules\egg-multipart\app\schedule\clean_tmpdir.js
2020-05-22 12:14:41,416 INFO 3488 [egg-schedule]: register schedule D:\blog\service\node_modules\egg-logrotator\app\schedule\clean_log.js
2020-05-22 12:14:41,416 INFO 3488 [egg-schedule]: register schedule D:\blog\service\node_modules\egg-logrotator\app\schedule\rotate_by_file.js
2020-05-22 12:14:43,485 INFO 16192 [Timer] D:\blog\service\node_modules\egg-multipart\app\schedule\clean_tmpdir.js next time will execute after 58516523ms at 2020-05-23 04:30:00.008
2020-05-22 12:14:43,486 INFO 16192 [Timer] D:\blog\service\node_modules\egg-logrotator\app\schedule\clean_log.js next time will execute after 42316515ms at 2020-05-23 00:00:00.001
2020-05-22 12:14:43,486 INFO 16192 [Timer] D:\blog\service\node_modules\egg-logrotator\app\schedule\rotate_by_file.js next time will execute after 42317514ms at 2020-05-23 00:00:01.000
2020-05-22 12:31:28,005 INFO 12028 [egg-schedule]: register schedule D:\blog\service\node_modules\egg-multipart\app\schedule\clean_tmpdir.js
2020-05-22 12:31:28,005 INFO 12028 [egg-schedule]: register schedule D:\blog\service\node_modules\egg-logrotator\app\schedule\clean_log.js
2020-05-22 12:31:28,005 INFO 12028 [egg-schedule]: register schedule D:\blog\service\node_modules\egg-logrotator\app\schedule\rotate_by_file.js
2020-05-22 12:31:31,382 INFO 18988 [egg-schedule]: register schedule D:\blog\service\node_modules\egg-multipart\app\schedule\clean_tmpdir.js
2020-05-22 12:31:31,382 INFO 18988 [egg-schedule]: register schedule D:\blog\service\node_modules\egg-logrotator\app\schedule\clean_log.js
2020-05-22 12:31:31,382 INFO 18988 [egg-schedule]: register schedule D:\blog\service\node_modules\egg-logrotator\app\schedule\rotate_by_file.js
2020-05-22 12:39:02,910 INFO 20188 [egg-schedule]: register schedule D:\blog\service\node_modules\egg-multipart\app\schedule\clean_tmpdir.js
2020-05-22 12:39:02,910 INFO 20188 [egg-schedule]: register schedule D:\blog\service\node_modules\egg-logrotator\app\schedule\clean_log.js
2020-05-22 12:39:02,910 INFO 20188 [egg-schedule]: register schedule D:\blog\service\node_modules\egg-logrotator\app\schedule\rotate_by_file.js
2020-05-22 12:40:38,849 INFO 3820 [egg-schedule]: register schedule D:\blog\service\node_modules\egg-multipart\app\schedule\clean_tmpdir.js
2020-05-22 12:40:38,849 INFO 3820 [egg-schedule]: register schedule D:\blog\service\node_modules\egg-logrotator\app\schedule\clean_log.js
2020-05-22 12:40:38,850 INFO 3820 [egg-schedule]: register schedule D:\blog\service\node_modules\egg-logrotator\app\schedule\rotate_by_file.js
2020-05-22 12:42:10,536 INFO 15284 [egg-schedule]: register schedule D:\blog\service\node_modules\egg-multipart\app\schedule\clean_tmpdir.js
2020-05-22 12:42:10,536 INFO 15284 [egg-schedule]: register schedule D:\blog\service\node_modules\egg-logrotator\app\schedule\clean_log.js
2020-05-22 12:42:10,536 INFO 15284 [egg-schedule]: register schedule D:\blog\service\node_modules\egg-logrotator\app\schedule\rotate_by_file.js
2020-05-22 12:42:30,898 INFO 8360 [egg-schedule]: register schedule D:\blog\service\node_modules\egg-multipart\app\schedule\clean_tmpdir.js
2020-05-22 12:42:30,898 INFO 8360 [egg-schedule]: register schedule D:\blog\service\node_modules\egg-logrotator\app\schedule\clean_log.js
2020-05-22 12:42:30,898 INFO 8360 [egg-schedule]: register schedule D:\blog\service\node_modules\egg-logrotator\app\schedule\rotate_by_file.js
2020-05-23 10:05:54,092 INFO 15384 [egg-schedule]: register schedule D:\blog\service\node_modules\egg-multipart\app\schedule\clean_tmpdir.js
2020-05-23 10:05:54,092 INFO 15384 [egg-schedule]: register schedule D:\blog\service\node_modules\egg-logrotator\app\schedule\clean_log.js
2020-05-23 10:05:54,092 INFO 15384 [egg-schedule]: register schedule D:\blog\service\node_modules\egg-logrotator\app\schedule\rotate_by_file.js
2020-05-23 10:05:59,522 INFO 23044 [Timer] D:\blog\service\node_modules\egg-multipart\app\schedule\clean_tmpdir.js next time will execute after 66240485ms at 2020-05-24 04:30:00.007
2020-05-23 10:05:59,523 INFO 23044 [Timer] D:\blog\service\node_modules\egg-logrotator\app\schedule\clean_log.js next time will execute after 50040478ms at 2020-05-24 00:00:00.001
2020-05-23 10:05:59,524 INFO 23044 [Timer] D:\blog\service\node_modules\egg-logrotator\app\schedule\rotate_by_file.js next time will execute after 50041477ms at 2020-05-24 00:00:01.001
2020-05-23 10:32:48,842 INFO 18264 [egg-schedule]: register schedule D:\blog\service\node_modules\egg-multipart\app\schedule\clean_tmpdir.js
2020-05-23 10:32:48,842 INFO 18264 [egg-schedule]: register schedule D:\blog\service\node_modules\egg-logrotator\app\schedule\clean_log.js
2020-05-23 10:32:48,842 INFO 18264 [egg-schedule]: register schedule D:\blog\service\node_modules\egg-logrotator\app\schedule\rotate_by_file.js
2020-05-23 10:32:52,868 INFO 10064 [Timer] D:\blog\service\node_modules\egg-multipart\app\schedule\clean_tmpdir.js next time will execute after 64627138ms at 2020-05-24 04:30:00.006
2020-05-23 10:32:52,870 INFO 10064 [Timer] D:\blog\service\node_modules\egg-logrotator\app\schedule\clean_log.js next time will execute after 48427131ms at 2020-05-24 00:00:00.001
2020-05-23 10:32:52,871 INFO 10064 [Timer] D:\blog\service\node_modules\egg-logrotator\app\schedule\rotate_by_file.js next time will execute after 48428130ms at 2020-05-24 00:00:01.001
2020-05-23 10:45:05,183 INFO 16240 [egg-schedule]: register schedule D:\blog\service\node_modules\egg-multipart\app\schedule\clean_tmpdir.js
2020-05-23 10:45:05,183 INFO 16240 [egg-schedule]: register schedule D:\blog\service\node_modules\egg-logrotator\app\schedule\clean_log.js
2020-05-23 10:45:05,183 INFO 16240 [egg-schedule]: register schedule D:\blog\service\node_modules\egg-logrotator\app\schedule\rotate_by_file.js
2020-05-23 10:45:32,256 INFO 1600 [egg-schedule]: register schedule D:\blog\service\node_modules\egg-multipart\app\schedule\clean_tmpdir.js
2020-05-23 10:45:32,257 INFO 1600 [egg-schedule]: register schedule D:\blog\service\node_modules\egg-logrotator\app\schedule\clean_log.js
2020-05-23 10:45:32,257 INFO 1600 [egg-schedule]: register schedule D:\blog\service\node_modules\egg-logrotator\app\schedule\rotate_by_file.js
2020-05-23 10:54:14,311 INFO 9028 [egg-schedule]: register schedule D:\blog\service\node_modules\egg-multipart\app\schedule\clean_tmpdir.js
2020-05-23 10:54:14,311 INFO 9028 [egg-schedule]: register schedule D:\blog\service\node_modules\egg-logrotator\app\schedule\clean_log.js
2020-05-23 10:54:14,311 INFO 9028 [egg-schedule]: register schedule D:\blog\service\node_modules\egg-logrotator\app\schedule\rotate_by_file.js
2020-05-23 11:09:32,318 INFO 10636 [egg-schedule]: register schedule D:\blog\service\node_modules\egg-multipart\app\schedule\clean_tmpdir.js
2020-05-23 11:09:32,318 INFO 10636 [egg-schedule]: register schedule D:\blog\service\node_modules\egg-logrotator\app\schedule\clean_log.js
2020-05-23 11:09:32,319 INFO 10636 [egg-schedule]: register schedule D:\blog\service\node_modules\egg-logrotator\app\schedule\rotate_by_file.js
2020-05-23 11:09:37,546 INFO 13460 [egg-schedule]: register schedule D:\blog\service\node_modules\egg-multipart\app\schedule\clean_tmpdir.js
2020-05-23 11:09:37,546 INFO 13460 [egg-schedule]: register schedule D:\blog\service\node_modules\egg-logrotator\app\schedule\clean_log.js
2020-05-23 11:09:37,546 INFO 13460 [egg-schedule]: register schedule D:\blog\service\node_modules\egg-logrotator\app\schedule\rotate_by_file.js
2020-05-23 11:10:39,145 INFO 10512 [egg-schedule]: register schedule D:\blog\service\node_modules\egg-multipart\app\schedule\clean_tmpdir.js
2020-05-23 11:10:39,145 INFO 10512 [egg-schedule]: register schedule D:\blog\service\node_modules\egg-logrotator\app\schedule\clean_log.js
2020-05-23 11:10:39,145 INFO 10512 [egg-schedule]: register schedule D:\blog\service\node_modules\egg-logrotator\app\schedule\rotate_by_file.js
2020-05-23 11:15:52,210 INFO 24216 [egg-schedule]: register schedule D:\blog\service\node_modules\egg-multipart\app\schedule\clean_tmpdir.js
2020-05-23 11:15:52,210 INFO 24216 [egg-schedule]: register schedule D:\blog\service\node_modules\egg-logrotator\app\schedule\clean_log.js
2020-05-23 11:15:52,210 INFO 24216 [egg-schedule]: register schedule D:\blog\service\node_modules\egg-logrotator\app\schedule\rotate_by_file.js
2020-05-23 11:20:34,037 INFO 8932 [egg-schedule]: register schedule D:\blog\service\node_modules\egg-multipart\app\schedule\clean_tmpdir.js
2020-05-23 11:20:34,037 INFO 8932 [egg-schedule]: register schedule D:\blog\service\node_modules\egg-logrotator\app\schedule\clean_log.js
2020-05-23 11:20:34,037 INFO 8932 [egg-schedule]: register schedule D:\blog\service\node_modules\egg-logrotator\app\schedule\rotate_by_file.js
2020-05-23 11:33:26,845 INFO 16232 [egg-schedule]: register schedule D:\blog\service\node_modules\egg-multipart\app\schedule\clean_tmpdir.js
2020-05-23 11:33:26,846 INFO 16232 [egg-schedule]: register schedule D:\blog\service\node_modules\egg-logrotator\app\schedule\clean_log.js
2020-05-23 11:33:26,846 INFO 16232 [egg-schedule]: register schedule D:\blog\service\node_modules\egg-logrotator\app\schedule\rotate_by_file.js
2020-05-23 12:10:49,370 INFO 22744 [egg-schedule]: register schedule D:\blog\service\node_modules\egg-multipart\app\schedule\clean_tmpdir.js
2020-05-23 12:10:49,370 INFO 22744 [egg-schedule]: register schedule D:\blog\service\node_modules\egg-logrotator\app\schedule\clean_log.js
2020-05-23 12:10:49,370 INFO 22744 [egg-schedule]: register schedule D:\blog\service\node_modules\egg-logrotator\app\schedule\rotate_by_file.js
2020-05-23 12:10:58,156 INFO 19348 [egg-schedule]: register schedule D:\blog\service\node_modules\egg-multipart\app\schedule\clean_tmpdir.js
2020-05-23 12:10:58,156 INFO 19348 [egg-schedule]: register schedule D:\blog\service\node_modules\egg-logrotator\app\schedule\clean_log.js
2020-05-23 12:10:58,156 INFO 19348 [egg-schedule]: register schedule D:\blog\service\node_modules\egg-logrotator\app\schedule\rotate_by_file.js
2020-05-23 12:11:31,893 INFO 22932 [egg-schedule]: register schedule D:\blog\service\node_modules\egg-multipart\app\schedule\clean_tmpdir.js
2020-05-23 12:11:31,893 INFO 22932 [egg-schedule]: register schedule D:\blog\service\node_modules\egg-logrotator\app\schedule\clean_log.js
2020-05-23 12:11:31,893 INFO 22932 [egg-schedule]: register schedule D:\blog\service\node_modules\egg-logrotator\app\schedule\rotate_by_file.js
2020-05-23 12:14:30,135 INFO 17672 [egg-schedule]: register schedule D:\blog\service\node_modules\egg-multipart\app\schedule\clean_tmpdir.js
2020-05-23 12:14:30,135 INFO 17672 [egg-schedule]: register schedule D:\blog\service\node_modules\egg-logrotator\app\schedule\clean_log.js
2020-05-23 12:14:30,135 INFO 17672 [egg-schedule]: register schedule D:\blog\service\node_modules\egg-logrotator\app\schedule\rotate_by_file.js
2020-05-23 12:30:37,821 INFO 21404 [egg-schedule]: register schedule D:\blog\service\node_modules\egg-multipart\app\schedule\clean_tmpdir.js
2020-05-23 12:30:37,822 INFO 21404 [egg-schedule]: register schedule D:\blog\service\node_modules\egg-logrotator\app\schedule\clean_log.js
2020-05-23 12:30:37,822 INFO 21404 [egg-schedule]: register schedule D:\blog\service\node_modules\egg-logrotator\app\schedule\rotate_by_file.js
2020-05-23 12:30:48,823 INFO 19896 [egg-schedule]: register schedule D:\blog\service\node_modules\egg-multipart\app\schedule\clean_tmpdir.js
2020-05-23 12:30:48,824 INFO 19896 [egg-schedule]: register schedule D:\blog\service\node_modules\egg-logrotator\app\schedule\clean_log.js
2020-05-23 12:30:48,824 INFO 19896 [egg-schedule]: register schedule D:\blog\service\node_modules\egg-logrotator\app\schedule\rotate_by_file.js
2020-05-23 12:33:37,558 INFO 19900 [egg-schedule]: register schedule D:\blog\service\node_modules\egg-multipart\app\schedule\clean_tmpdir.js
2020-05-23 12:33:37,558 INFO 19900 [egg-schedule]: register schedule D:\blog\service\node_modules\egg-logrotator\app\schedule\clean_log.js
2020-05-23 12:33:37,558 INFO 19900 [egg-schedule]: register schedule D:\blog\service\node_modules\egg-logrotator\app\schedule\rotate_by_file.js
2020-05-23 12:34:32,652 INFO 12960 [egg-schedule]: register schedule D:\blog\service\node_modules\egg-multipart\app\schedule\clean_tmpdir.js
2020-05-23 12:34:32,652 INFO 12960 [egg-schedule]: register schedule D:\blog\service\node_modules\egg-logrotator\app\schedule\clean_log.js
2020-05-23 12:34:32,652 INFO 12960 [egg-schedule]: register schedule D:\blog\service\node_modules\egg-logrotator\app\schedule\rotate_by_file.js
2020-05-23 12:34:33,435 INFO 9588 [Timer] D:\blog\service\node_modules\egg-multipart\app\schedule\clean_tmpdir.js next time will execute after 57326570ms at 2020-05-24 04:30:00.005
2020-05-23 12:34:33,437 INFO 9588 [Timer] D:\blog\service\node_modules\egg-logrotator\app\schedule\clean_log.js next time will execute after 41126564ms at 2020-05-24 00:00:00.001
2020-05-23 12:34:33,438 INFO 9588 [Timer] D:\blog\service\node_modules\egg-logrotator\app\schedule\rotate_by_file.js next time will execute after 41127563ms at 2020-05-24 00:00:01.001
2020-05-23 12:36:31,146 INFO 19268 [egg-schedule]: register schedule D:\blog\service\node_modules\egg-multipart\app\schedule\clean_tmpdir.js
2020-05-23 12:36:31,146 INFO 19268 [egg-schedule]: register schedule D:\blog\service\node_modules\egg-logrotator\app\schedule\clean_log.js
2020-05-23 12:36:31,146 INFO 19268 [egg-schedule]: register schedule D:\blog\service\node_modules\egg-logrotator\app\schedule\rotate_by_file.js
2020-05-23 12:38:17,044 INFO 5588 [egg-schedule]: register schedule D:\blog\service\node_modules\egg-multipart\app\schedule\clean_tmpdir.js
2020-05-23 12:38:17,044 INFO 5588 [egg-schedule]: register schedule D:\blog\service\node_modules\egg-logrotator\app\schedule\clean_log.js
2020-05-23 12:38:17,044 INFO 5588 [egg-schedule]: register schedule D:\blog\service\node_modules\egg-logrotator\app\schedule\rotate_by_file.js
2020-05-23 12:39:54,559 INFO 20848 [egg-schedule]: register schedule D:\blog\service\node_modules\egg-multipart\app\schedule\clean_tmpdir.js
2020-05-23 12:39:54,561 INFO 20848 [egg-schedule]: register schedule D:\blog\service\node_modules\egg-logrotator\app\schedule\clean_log.js
2020-05-23 12:39:54,561 INFO 20848 [egg-schedule]: register schedule D:\blog\service\node_modules\egg-logrotator\app\schedule\rotate_by_file.js
